<?xml version="1.0" encoding="UTF-8"?>
<testng-results ignored="0" total="1" passed="1" failed="0" skipped="0">
  <reporter-output>
  </reporter-output>
  <suite started-at="2024-04-15T14:07:11 IST" name="Default suite" finished-at="2024-04-15T14:08:36 IST" duration-ms="84172">
    <groups>
    </groups>
    <test started-at="2024-04-15T14:07:11 IST" name="Default test" finished-at="2024-04-15T14:08:36 IST" duration-ms="84172">
      <class name="oruPhones.SellYourPhone">
        <test-method signature="syp()[pri:0, instance:oruPhones.SellYourPhone@223d2c72]" started-at="2024-04-15T14:07:11 IST" name="syp" finished-at="2024-04-15T14:08:36 IST" duration-ms="84131" status="PASS">
          <reporter-output>
          </reporter-output>
        </test-method> <!-- syp -->
      </class> <!-- oruPhones.SellYourPhone -->
    </test> <!-- Default test -->
  </suite> <!-- Default suite -->
</testng-results>
